INFO     root:tasks.py:25 Reencryption 9b8e951a-a24d-4392-8a56-8511e068bd29: reencrypt_answers start
ERROR    root:tasks.py:85 Reencryption 9b8e951a-a24d-4392-8a56-8511e068bd29: cannot process applet cc54a250-6e7b-4985-ae3f-5026a0cc3cba, skip
ERROR    root:tasks.py:86 ERROR
Traceback (most recent call last):
  File "/app/src/apps/users/tasks.py", line 67, in reencrypt_answers
    async with atomic(session):
               ~~~~~~^^^^^^^^^
  File "/app/src/apps/users/tasks.py", line 69, in reencrypt_answers
    count = await service.reencrypt_user_answers(
            ^^^^^^^^^^^^^^^^^^^^^^^^^^^^^^^^^^^^^
    ...<8 lines>...
    )
    ^
  File "/usr/local/lib/python3.13/unittest/mock.py", line 2321, in _execute_mock_call
    raise effect
Exception: ERROR
INFO     root:tasks.py:103 Reencryption 9b8e951a-a24d-4392-8a56-8511e068bd29: schedule retry
INFO     root:tasks.py:25 Reencryption 9b8e951a-a24d-4392-8a56-8511e068bd29: reencrypt_answers start
ERROR    root:tasks.py:85 Reencryption 9b8e951a-a24d-4392-8a56-8511e068bd29: cannot process applet cc54a250-6e7b-4985-ae3f-5026a0cc3cba, skip
ERROR    root:tasks.py:86 ERROR
Traceback (most recent call last):
  File "/app/src/apps/users/tasks.py", line 67, in reencrypt_answers
    async with atomic(session):
               ~~~~~~^^^^^^^^^
  File "/app/src/apps/users/tasks.py", line 69, in reencrypt_answers
    count = await service.reencrypt_user_answers(
            ^^^^^^^^^^^^^^^^^^^^^^^^^^^^^^^^^^^^^
    ...<8 lines>...
    )
    ^
  File "/usr/local/lib/python3.13/unittest/mock.py", line 2321, in _execute_mock_call
    raise effect
  File "/app/src/apps/users/tasks.py", line 67, in reencrypt_answers
    async with atomic(session):
               ~~~~~~^^^^^^^^^
  File "/app/src/apps/users/tasks.py", line 69, in reencrypt_answers
    count = await service.reencrypt_user_answers(
            ^^^^^^^^^^^^^^^^^^^^^^^^^^^^^^^^^^^^^
    ...<8 lines>...
    )
    ^
  File "/usr/local/lib/python3.13/unittest/mock.py", line 2321, in _execute_mock_call
    raise effect
Exception: ERROR